<?xml version="1.0" encoding="UTF-8"?>
<testsuite name="DisparoTermodirigidoTest" tests="3" skipped="0" failures="0" errors="0" timestamp="2019-06-26T15:51:07" hostname="Jeremias.local" time="0.013">
  <properties/>
  <testcase name="disparar_fallo" classname="DisparoTermodirigidoTest" time="0.003"/>
  <testcase name="getTipo" classname="DisparoTermodirigidoTest" time="0.009"/>
  <testcase name="disparar" classname="DisparoTermodirigidoTest" time="0.001"/>
  <system-out><![CDATA[]]></system-out>
  <system-err><![CDATA[]]></system-err>
</testsuite>
