<?xml version="1.0" encoding="UTF-8"?>
<testsuite name="DisparoCruzTest" tests="3" skipped="0" failures="0" errors="0" timestamp="2019-06-26T15:47:38" hostname="Jeremias.local" time="0.001">
  <properties/>
  <testcase name="disparo_incompleto" classname="DisparoCruzTest" time="0.0"/>
  <testcase name="getTipo" classname="DisparoCruzTest" time="0.001"/>
  <testcase name="disparar_completo" classname="DisparoCruzTest" time="0.0"/>
  <system-out><![CDATA[]]></system-out>
  <system-err><![CDATA[]]></system-err>
</testsuite>
