<?xml version="1.0" encoding="UTF-8"?>
<testsuite name="DisparoAleatorioTest" tests="2" skipped="0" failures="0" errors="0" timestamp="2019-06-26T15:51:07" hostname="Jeremias.local" time="0.021">
  <properties/>
  <testcase name="getTipo" classname="DisparoAleatorioTest" time="0.001"/>
  <testcase name="disparar" classname="DisparoAleatorioTest" time="0.02"/>
  <system-out><![CDATA[Fila: 2 Columna: 1
]]></system-out>
  <system-err><![CDATA[]]></system-err>
</testsuite>
