<?xml version="1.0" encoding="UTF-8"?>
<testsuite name="TableroTest" tests="5" skipped="0" failures="0" errors="0" timestamp="2019-06-26T15:51:07" hostname="Jeremias.local" time="0.006">
  <properties/>
  <testcase name="bombardear_conBarco" classname="TableroTest" time="0.002"/>
  <testcase name="interseccionBarcos" classname="TableroTest" time="0.001"/>
  <testcase name="disparoCeldas" classname="TableroTest" time="0.001"/>
  <testcase name="celdasEnTablero" classname="TableroTest" time="0.0"/>
  <testcase name="setBarco" classname="TableroTest" time="0.001"/>
  <system-out><![CDATA[]]></system-out>
  <system-err><![CDATA[]]></system-err>
</testsuite>
