<?xml version="1.0" encoding="UTF-8"?>
<testsuite name="CeldaTest" tests="5" skipped="0" failures="0" errors="0" timestamp="2019-06-26T15:51:07" hostname="Jeremias.local" time="0.02">
  <properties/>
  <testcase name="bombardear_porDefecto" classname="CeldaTest" time="0.0"/>
  <testcase name="celdaconBarco" classname="CeldaTest" time="0.0"/>
  <testcase name="esBarco" classname="CeldaTest" time="0.0"/>
  <testcase name="bombardear_conActivado" classname="CeldaTest" time="0.0"/>
  <testcase name="celdasinBarco" classname="CeldaTest" time="0.0"/>
  <system-out><![CDATA[]]></system-out>
  <system-err><![CDATA[]]></system-err>
</testsuite>
