<?xml version="1.0" encoding="UTF-8"?>
<testsuite name="DisparoComunTest" tests="2" skipped="0" failures="0" errors="0" timestamp="2019-06-26T15:47:37" hostname="Jeremias.local" time="0.001">
  <properties/>
  <testcase name="getTipo" classname="DisparoComunTest" time="0.0"/>
  <testcase name="disparar" classname="DisparoComunTest" time="0.001"/>
  <system-out><![CDATA[]]></system-out>
  <system-err><![CDATA[]]></system-err>
</testsuite>
