<?xml version="1.0" encoding="UTF-8"?>
<testsuite name="AstilleroMilitarTest" tests="5" skipped="0" failures="0" errors="0" timestamp="2019-06-26T15:47:37" hostname="Jeremias.local" time="0.027">
  <properties/>
  <testcase name="construirBarco" classname="AstilleroMilitarTest" time="0.015"/>
  <testcase name="comprobar_Lugares_NORTE_validos" classname="AstilleroMilitarTest" time="0.001"/>
  <testcase name="comprobar_Lugares_SUR_validos" classname="AstilleroMilitarTest" time="0.001"/>
  <testcase name="comprobar_Lugares_OESTE_validos" classname="AstilleroMilitarTest" time="0.0"/>
  <testcase name="comprobar_Lugares_ESTE_validos" classname="AstilleroMilitarTest" time="0.001"/>
  <system-out><![CDATA[]]></system-out>
  <system-err><![CDATA[]]></system-err>
</testsuite>
