<?xml version="1.0" encoding="UTF-8"?>
<testsuite name="DisparoTermodirigidoTest" tests="3" skipped="0" failures="0" errors="0" timestamp="2019-06-26T15:47:38" hostname="Jeremias.local" time="0.014">
  <properties/>
  <testcase name="disparar_fallo" classname="DisparoTermodirigidoTest" time="0.001"/>
  <testcase name="getTipo" classname="DisparoTermodirigidoTest" time="0.0"/>
  <testcase name="disparar" classname="DisparoTermodirigidoTest" time="0.012"/>
  <system-out><![CDATA[]]></system-out>
  <system-err><![CDATA[]]></system-err>
</testsuite>
