<?xml version="1.0" encoding="UTF-8"?>
<testsuite name="SubmarinoTest" tests="3" skipped="0" failures="0" errors="0" timestamp="2019-06-26T15:51:07" hostname="Jeremias.local" time="0.003">
  <properties/>
  <testcase name="puedePosicionar" classname="SubmarinoTest" time="0.0"/>
  <testcase name="posicionar" classname="SubmarinoTest" time="0.0"/>
  <testcase name="noPuedePosicionar" classname="SubmarinoTest" time="0.001"/>
  <system-out><![CDATA[]]></system-out>
  <system-err><![CDATA[]]></system-err>
</testsuite>
